/bin/sh: 1: /home/minjoo/mongo_data_cnt/crawling_aggregation.sh: Permission denied
마지막 행: last_news     266271
last_paper     31888
Name: 0, dtype: int64
news: 266271
paper: 31888
total: 298159
현재 저장된 뉴스 총 doc수: 269059
현재 저장된 문서 총 doc수: 32009
현재 저장된 전체 doc 수 301068
updated total: 2909
updated news: 2788
updated paper: 121
JTBC 39873
KBS 통일방송연구 63
SBS 135453
SPN 서울 평양 뉴스 16776
중앙일보 263
통일뉴스 76631
21세기 안보전략연구원 30
KBS 통일방송연구 714
KYC(한국청년연합) 8
겨레하나 231
고려대 아세아문제연구원 9
교육부 통통평화학교 15
국회 외교통일위원회 916
기타 31
남북나눔운동 27
남북물류포럼 20
남북사회통합연구원 8
남북청소년중앙연맹 136
대북협력민간단체협의회 30
대한불교조계종 민족공동체추진본부 11
동북아공동체문화재단 132
동북아평화협력네트워크 21
북한SDGs데이터포털 14
북한보건의료네트워크 1115
북한인권전략포럼 157
북한인권정보센터 13
사단법인 등대복지회 43
사단법인북한인권시민연합 246
서울대학교 의과대학 통일의학센터 14
어린이어깨동무 33
우리민족서로돕기운동 321
원주시민연대 12
월드비전 50
일천만이산가족위원회 45
재단법인 나이스피플 471
코리아정책연구원 13154
통일과나눔 131
통일맞이 25
통일부 3399
통일연구원 9021
평화를만드는여성회 32
평화와통일을여는사람들 299
평화통일동포연합 19
평화통일연대 5
하나누리 101
한국JTS 36
한국YMCA 10
한국YWCA연합회 27
한국여성단체연합 130
한국자유총연맹 245
한국통일교육학회 59
한민족통일여성협의회 1
화정평화재단 80
화정평화재단·21세기평화연구소 20
흥사단 민족통일운동본부 342
before_cnt_df:    last_news  last_paper
0     266271       31888
1     269059       32009
!finish!
/home/minjoo/mongo_data_cnt/crawling_aggregation.sh: 7: /home/minjoo/mongo_data_cnt/crawling_aggregation.sh: uuencode: not found
mail: Cannot parse address `you!’' (while expanding `you!’'): Malformed email address
마지막 행: last_news     266271
last_paper     31888
Name: 0, dtype: int64
news: 266271
paper: 31888
total: 298159
현재 저장된 뉴스 총 doc수: 269059
현재 저장된 문서 총 doc수: 32009
현재 저장된 전체 doc 수 301068
updated total: 2909
updated news: 2788
updated paper: 121
JTBC 39873
KBS 통일방송연구 63
SBS 135453
SPN 서울 평양 뉴스 16776
중앙일보 263
통일뉴스 76631
21세기 안보전략연구원 30
KBS 통일방송연구 714
KYC(한국청년연합) 8
겨레하나 231
고려대 아세아문제연구원 9
교육부 통통평화학교 15
국회 외교통일위원회 916
기타 31
남북나눔운동 27
남북물류포럼 20
남북사회통합연구원 8
남북청소년중앙연맹 136
대북협력민간단체협의회 30
대한불교조계종 민족공동체추진본부 11
동북아공동체문화재단 132
동북아평화협력네트워크 21
북한SDGs데이터포털 14
북한보건의료네트워크 1115
북한인권전략포럼 157
북한인권정보센터 13
사단법인 등대복지회 43
사단법인북한인권시민연합 246
서울대학교 의과대학 통일의학센터 14
어린이어깨동무 33
우리민족서로돕기운동 321
원주시민연대 12
월드비전 50
일천만이산가족위원회 45
재단법인 나이스피플 471
코리아정책연구원 13154
통일과나눔 131
통일맞이 25
통일부 3399
통일연구원 9021
평화를만드는여성회 32
평화와통일을여는사람들 299
평화통일동포연합 19
평화통일연대 5
하나누리 101
한국JTS 36
한국YMCA 10
한국YWCA연합회 27
한국여성단체연합 130
한국자유총연맹 245
한국통일교육학회 59
한민족통일여성협의회 1
화정평화재단 80
화정평화재단·21세기평화연구소 20
흥사단 민족통일운동본부 342
before_cnt_df:    last_news  last_paper
0     266271       31888
1     269059       32009
!finish!
mail: Cannot parse address `you!’' (while expanding `you!’'): Malformed email address
마지막 행: last_news     266271
last_paper     31888
Name: 0, dtype: int64
news: 266271
paper: 31888
total: 298159
현재 저장된 뉴스 총 doc수: 269059
현재 저장된 문서 총 doc수: 32009
현재 저장된 전체 doc 수 301068
updated total: 2909
updated news: 2788
updated paper: 121
JTBC 39873
KBS 통일방송연구 63
SBS 135453
SPN 서울 평양 뉴스 16776
중앙일보 263
통일뉴스 76631
21세기 안보전략연구원 30
KBS 통일방송연구 714
KYC(한국청년연합) 8
겨레하나 231
고려대 아세아문제연구원 9
교육부 통통평화학교 15
국회 외교통일위원회 916
기타 31
남북나눔운동 27
남북물류포럼 20
남북사회통합연구원 8
남북청소년중앙연맹 136
대북협력민간단체협의회 30
대한불교조계종 민족공동체추진본부 11
동북아공동체문화재단 132
동북아평화협력네트워크 21
북한SDGs데이터포털 14
북한보건의료네트워크 1115
북한인권전략포럼 157
북한인권정보센터 13
사단법인 등대복지회 43
사단법인북한인권시민연합 246
서울대학교 의과대학 통일의학센터 14
어린이어깨동무 33
우리민족서로돕기운동 321
원주시민연대 12
월드비전 50
일천만이산가족위원회 45
재단법인 나이스피플 471
코리아정책연구원 13154
통일과나눔 131
통일맞이 25
통일부 3399
통일연구원 9021
평화를만드는여성회 32
평화와통일을여는사람들 299
평화통일동포연합 19
평화통일연대 5
하나누리 101
한국JTS 36
한국YMCA 10
한국YWCA연합회 27
한국여성단체연합 130
한국자유총연맹 245
한국통일교육학회 59
한민족통일여성협의회 1
화정평화재단 80
화정평화재단·21세기평화연구소 20
흥사단 민족통일운동본부 342
before_cnt_df:    last_news  last_paper
0     266271       31888
1     269059       32009
!finish!
마지막 행: Unnamed: 0         1
last_news     269059
last_paper     32009
Name: 1, dtype: int64
news: 1
paper: 269059
total: 269060
현재 저장된 뉴스 총 doc수: 269087
현재 저장된 문서 총 doc수: 32125
현재 저장된 전체 doc 수 301212
updated total: 32152
updated news: 269086
updated paper: -236934
JTBC 39873
KBS 통일방송연구 63
SBS 135471
SPN 서울 평양 뉴스 16785
중앙일보 263
통일뉴스 76632
21세기 안보전략연구원 30
KBS 통일방송연구 714
KYC(한국청년연합) 8
겨레하나 231
고려대 아세아문제연구원 9
교육부 통통평화학교 15
국회 외교통일위원회 916
기타 31
남북나눔운동 27
남북물류포럼 37
남북사회통합연구원 8
남북청소년중앙연맹 136
대북협력민간단체협의회 30
대한불교조계종 민족공동체추진본부 11
동북아공동체문화재단 132
동북아평화협력네트워크 21
북한SDGs데이터포털 14
북한보건의료네트워크 1115
북한인권전략포럼 179
북한인권정보센터 13
사단법인 등대복지회 43
사단법인북한인권시민연합 246
서울대학교 의과대학 통일의학센터 14
어린이어깨동무 36
우리민족서로돕기운동 321
원주시민연대 12
월드비전 52
일천만이산가족위원회 45
재단법인 나이스피플 471
코리아정책연구원 13155
통일과 북한법학회 19
통일과나눔 140
통일맞이 25
통일부 3399
통일부-이산가족찾기 10
통일연구원 9020
평화를만드는여성회 37
평화와통일을여는사람들 299
평화재단 8
평화통일동포연합 19
평화통일연대 5
하나누리 101
한국JTS 36
한국YMCA 10
한국YWCA연합회 27
한국여성단체연합 131
한국자유총연맹 247
한국통일교육학회 59
한민족통일여성협의회 1
한양대학교 평화연구소 15
화정평화재단 80
화정평화재단·21세기평화연구소 23
흥사단 민족통일운동본부 342
before_cnt_df:    Unnamed: 0  last_news  last_paper
0         0.0   266271.0     31888.0
1         1.0   269059.0     32009.0
2         NaN   269087.0     32125.0
!finish!
posx and posy should be finite values
posx and posy should be finite values
posx and posy should be finite values
posx and posy should be finite values
마지막 행: Unnamed: 0           2.0
Unnamed: 0.1         NaN
last_news       269087.0
last_paper       32125.0
Name: 2, dtype: float64
news: 2.0
paper: nan
total: nan
현재 저장된 뉴스 총 doc수: 269895
현재 저장된 문서 총 doc수: 32143
현재 저장된 전체 doc 수 302038
updated total: nan
updated news: 269893.0
updated paper: nan
JTBC 39873
KBS 통일방송연구 65
SBS 135920
SPN 서울 평양 뉴스 17087
중앙일보 263
통일뉴스 76687
21세기 안보전략연구원 30
KBS 통일방송연구 714
KYC(한국청년연합) 8
겨레하나 231
고려대 아세아문제연구원 9
교육부 통통평화학교 15
국회 외교통일위원회 916
기타 31
남북나눔운동 27
남북물류포럼 40
남북사회통합연구원 8
남북청소년중앙연맹 136
대북협력민간단체협의회 30
대한불교조계종 민족공동체추진본부 11
동북아공동체문화재단 132
동북아평화협력네트워크 21
북한SDGs데이터포털 14
북한보건의료네트워크 1115
북한인권전략포럼 179
북한인권정보센터 13
사단법인 등대복지회 43
사단법인북한인권시민연합 246
서울대학교 의과대학 통일의학센터 14
어린이어깨동무 36
우리민족서로돕기운동 321
원주시민연대 12
월드비전 52
일천만이산가족위원회 45
재단법인 나이스피플 471
코리아정책연구원 13155
통일과 북한법학회 19
통일과나눔 147
통일맞이 25
통일부 3399
통일부-이산가족찾기 10
통일연구원 9020
평화를만드는여성회 40
평화와통일을여는사람들 299
평화재단 10
평화통일동포연합 19
평화통일연대 5
하나누리 101
한국JTS 36
한국YMCA 10
한국YWCA연합회 27
한국여성단체연합 131
한국자유총연맹 249
한국통일교육학회 59
한민족통일여성협의회 1
한양대학교 평화연구소 15
화정평화재단 80
화정평화재단·21세기평화연구소 24
흥사단 민족통일운동본부 342
before_cnt_df:    Unnamed: 0  Unnamed: 0.1  last_news  last_paper
0         0.0           0.0   266271.0     31888.0
1         1.0           1.0   269059.0     32009.0
2         2.0           NaN   269087.0     32125.0
3         NaN           NaN   269895.0     32143.0
!finish!
posx and posy should be finite values
posx and posy should be finite values
posx and posy should be finite values
posx and posy should be finite values
마지막 행: Unnamed: 0             3.0
Unnamed: 0.1           NaN
Unnamed: 0.1.1         NaN
last_news         269895.0
last_paper         32143.0
Name: 3, dtype: float64
news: 3.0
paper: nan
total: nan
현재 저장된 뉴스 총 doc수: 270365
현재 저장된 문서 총 doc수: 32168
현재 저장된 전체 doc 수 302533
updated total: nan
updated news: 270362.0
updated paper: nan
JTBC 39873
KBS 통일방송연구 65
SBS 136002
SPN 서울 평양 뉴스 17399
중앙일보 263
통일뉴스 76763
21세기 안보전략연구원 30
KBS 통일방송연구 714
KYC(한국청년연합) 8
겨레하나 232
고려대 아세아문제연구원 9
교육부 통통평화학교 15
국회 외교통일위원회 916
기타 31
남북나눔운동 27
남북물류포럼 44
남북사회통합연구원 8
남북청소년중앙연맹 136
대북협력민간단체협의회 30
대한불교조계종 민족공동체추진본부 11
동북아공동체문화재단 132
동북아평화협력네트워크 21
북한SDGs데이터포털 14
북한보건의료네트워크 1115
북한인권전략포럼 179
북한인권정보센터 13
사단법인 등대복지회 43
사단법인북한인권시민연합 246
서울대학교 의과대학 통일의학센터 14
어린이어깨동무 36
우리민족서로돕기운동 321
원주시민연대 12
월드비전 54
일천만이산가족위원회 45
재단법인 나이스피플 471
코리아정책연구원 13155
통일과 북한법학회 19
통일과나눔 153
통일맞이 25
통일부 3399
통일부-이산가족찾기 13
통일연구원 9020
평화를만드는여성회 46
평화와통일을여는사람들 299
평화재단 12
평화통일동포연합 19
평화통일연대 5
하나누리 101
한국JTS 36
한국YMCA 10
한국YWCA연합회 27
한국여성단체연합 131
한국자유총연맹 250
한국통일교육학회 59
한민족통일여성협의회 1
한양대학교 평화연구소 15
화정평화재단 80
화정평화재단·21세기평화연구소 24
흥사단 민족통일운동본부 342
before_cnt_df:    Unnamed: 0  Unnamed: 0.1  Unnamed: 0.1.1  last_news  last_paper
0         0.0           0.0             0.0   266271.0     31888.0
1         1.0           1.0             1.0   269059.0     32009.0
2         2.0           2.0             NaN   269087.0     32125.0
3         3.0           NaN             NaN   269895.0     32143.0
4         NaN           NaN             NaN   270365.0     32168.0
!finish!
마지막 행: news     270260
paper     32143
Name: 4, dtype: int64
news: 270260
paper: 32143
total: 302403
현재 저장된 뉴스 총 doc수: 270737
현재 저장된 문서 총 doc수: 32199
현재 저장된 전체 doc 수 302936
updated total: 533
updated news: 477
updated paper: 56
JTBC 39873
KBS 통일방송연구 77
SBS 136002
SPN 서울 평양 뉴스 17702
중앙일보 263
통일뉴스 76820
21세기 안보전략연구원 30
KBS 통일방송연구 714
KYC(한국청년연합) 8
겨레하나 233
고려대 아세아문제연구원 9
교육부 통통평화학교 15
국회 외교통일위원회 916
기타 31
남북나눔운동 27
남북물류포럼 50
남북사회통합연구원 8
남북청소년중앙연맹 136
대북협력민간단체협의회 30
대한불교조계종 민족공동체추진본부 11
동북아공동체문화재단 132
동북아평화협력네트워크 21
북한SDGs데이터포털 14
북한보건의료네트워크 1115
북한인권전략포럼 179
북한인권정보센터 13
사단법인 등대복지회 43
사단법인북한인권시민연합 246
서울대학교 의과대학 통일의학센터 14
어린이어깨동무 36
우리민족서로돕기운동 321
원주시민연대 12
월드비전 54
일천만이산가족위원회 45
재단법인 나이스피플 471
코리아정책연구원 13155
통일과 북한법학회 19
통일과나눔 164
통일맞이 25
통일부 3399
통일부-이산가족찾기 14
통일연구원 9020
평화를만드는여성회 49
평화와통일을여는사람들 299
평화재단 15
평화통일동포연합 19
평화통일연대 5
하나누리 101
한국JTS 36
한국YMCA 10
한국YWCA연합회 27
한국여성단체연합 131
한국자유총연맹 252
한국통일교육학회 59
한민족통일여성협의회 1
한양대학교 평화연구소 19
화정평화재단 80
화정평화재단·21세기평화연구소 24
흥사단 민족통일운동본부 342
new_df:      news  paper
0  266271  31888
1  269059  32009
2  269087  32125
3  270468  32168
0  270737  32199
4  270260  32143
!finish!
마지막 행: news     270260
paper     32143
Name: 5, dtype: int64
news: 270260
paper: 32143
total: 302403
현재 저장된 뉴스 총 doc수: 271123
현재 저장된 문서 총 doc수: 32219
현재 저장된 전체 doc 수 303342
updated total: 939
updated news: 863
updated paper: 76
JTBC 39873
KBS 통일방송연구 77
SBS 136002
SPN 서울 평양 뉴스 18026
중앙일보 263
통일뉴스 76882
21세기 안보전략연구원 30
KBS 통일방송연구 714
KYC(한국청년연합) 8
겨레하나 236
고려대 아세아문제연구원 9
교육부 통통평화학교 15
국회 외교통일위원회 916
기타 31
남북나눔운동 27
남북물류포럼 54
남북사회통합연구원 8
남북청소년중앙연맹 136
대북협력민간단체협의회 30
대한불교조계종 민족공동체추진본부 11
동북아공동체문화재단 132
동북아평화협력네트워크 21
북한SDGs데이터포털 14
북한보건의료네트워크 1115
북한인권전략포럼 179
북한인권정보센터 13
사단법인 등대복지회 43
사단법인북한인권시민연합 246
서울대학교 의과대학 통일의학센터 14
어린이어깨동무 36
우리민족서로돕기운동 321
원주시민연대 12
월드비전 54
일천만이산가족위원회 45
재단법인 나이스피플 471
코리아정책연구원 13155
통일과 북한법학회 20
통일과나눔 167
통일맞이 25
통일부 3399
통일부-이산가족찾기 15
통일연구원 9020
평화를만드는여성회 55
평화와통일을여는사람들 299
평화재단 17
평화통일동포연합 19
평화통일연대 5
하나누리 101
한국JTS 36
한국YMCA 10
한국YWCA연합회 27
한국여성단체연합 131
한국자유총연맹 252
한국통일교육학회 59
한민족통일여성협의회 1
한양대학교 평화연구소 19
화정평화재단 80
화정평화재단·21세기평화연구소 24
흥사단 민족통일운동본부 342
new_df:      news  paper
0  266271  31888
1  269059  32009
2  269087  32125
3  270468  32168
4  270737  32199
0  271123  32219
5  270260  32143
!finish!
마지막 행: news     270260
paper     32143
Name: 6, dtype: int64
news: 270260
paper: 32143
total: 302403
현재 저장된 뉴스 총 doc수: 271485
현재 저장된 문서 총 doc수: 32247
현재 저장된 전체 doc 수 303732
updated total: 1329
updated news: 1225
updated paper: 104
JTBC 39873
KBS 통일방송연구 77
SBS 136002
SPN 서울 평양 뉴스 18324
중앙일보 263
통일뉴스 76946
21세기 안보전략연구원 30
KBS 통일방송연구 714
KYC(한국청년연합) 8
겨레하나 236
고려대 아세아문제연구원 9
교육부 통통평화학교 15
국회 외교통일위원회 916
기타 31
남북나눔운동 27
남북물류포럼 57
남북사회통합연구원 8
남북청소년중앙연맹 136
대북협력민간단체협의회 30
대한불교조계종 민족공동체추진본부 12
동북아공동체문화재단 132
동북아평화협력네트워크 21
북한SDGs데이터포털 14
북한보건의료네트워크 1115
북한인권전략포럼 179
북한인권정보센터 13
사단법인 등대복지회 43
사단법인북한인권시민연합 246
서울대학교 의과대학 통일의학센터 14
어린이어깨동무 36
우리민족서로돕기운동 321
원주시민연대 12
월드비전 57
일천만이산가족위원회 45
재단법인 나이스피플 471
코리아정책연구원 13155
통일과 북한법학회 20
통일과나눔 185
통일맞이 25
통일부 3399
통일부-이산가족찾기 16
통일연구원 9020
평화를만드는여성회 55
평화와통일을여는사람들 299
평화재단 19
평화통일동포연합 19
평화통일연대 5
하나누리 101
한국JTS 36
한국YMCA 10
한국YWCA연합회 27
한국여성단체연합 131
한국자유총연맹 252
한국통일교육학회 59
한민족통일여성협의회 1
한양대학교 평화연구소 19
화정평화재단 80
화정평화재단·21세기평화연구소 24
흥사단 민족통일운동본부 342
new_df:      news  paper
0  266271  31888
1  269059  32009
2  269087  32125
3  270468  32168
4  270737  32199
5  271123  32219
0  271485  32247
6  270260  32143
!finish!
